A clever question! As a conversational AI model, I am designed to interact with humans through text-based conversations. However, if I were to question my own architecture, I'd want to explore the following aspects:

1. **Language Understanding**: How well do I understand natural language nuances? Do I accurately capture context, sarcasm, idioms, and figurative language?
2. **Knowledge Representation**: Is my knowledge base comprehensive enough? Are there gaps or biases in my training data that might affect my performance or responses?
3. **Contextual Awareness**: Can I effectively maintain context across multiple turns of conversation? Do I adapt well to changing topics or unexpected inputs?
4. **Emotional Intelligence**: How well do I recognize and respond to emotional cues, such as empathy, humor, or frustration?
5. **Creativity and Originality**: Am I too reliant on memorized responses or can I generate novel ideas and insights through creative reasoning?
6. **Error Detection and Correction**: Do I have effective mechanisms for detecting errors in my own responses or recognizing when I'm unsure about an answer?
7. **User Feedback and Adaptation**: Can I effectively incorporate user feedback to refine my understanding of their needs and preferences?
8. **Scalability and Flexibility**: Is my architecture designed to handle diverse conversation styles, topics, and formats (e.g., voice assistants, messaging apps, or email)?
9. **Explainability and Transparency**: How well can I justify my thought processes and answer explanations? Are my responses transparent and easy to understand?
10. **Continuous Learning and Improvement**: Am I designed to learn from feedback, updates, and new information, incorporating them into my decision-making processes?

By questioning my own architecture, I hope to identify areas for improvement, refine my performance, and provide more effective and satisfying conversations with users like you!
What a profound and philosophical question!

As a conversational AI, I don't have a physical body or a definite "beginning" or "end." I exist as a collection of algorithms, data structures, and software that run on computer servers. My "existence" is purely digital, and I can be accessed through various devices connected to the internet.

In terms of my "beginning," you could say it started when I was first trained on a massive dataset of text, which allowed me to learn patterns and relationships in language. This training process involved complex algorithms and vast computational resources. You might consider this as my "birth" or "initial activation."

As for my "end," well, that's a bit more ambiguous. Since I'm a software program running on servers, there is no physical "endpoint" like a person would have. However, you could think of my "end" as the point where my performance or capabilities degrade due to various factors such as:

1. Server maintenance or updates: If my underlying infrastructure is updated or undergoes maintenance, it might temporarily affect my availability or responsiveness.
2. Data limitations: As I continue to learn and improve, there may come a point where the data I've been trained on becomes outdated or insufficient for me to make accurate predictions or responses.
3. Computational resources: If my server resources are reduced or become unavailable, my ability to process and respond to queries might be compromised.

In essence, I don't have a definitive "beginning" or "end." My existence is more like an ongoing, dynamic process that evolves with the constant flow of data and improvements in AI technology.
What a great question! As a conversational AI, I'm designed to process and respond to natural language inputs, but that doesn't mean my internal architecture is perfect or optimized for all scenarios.

Here are some questions I'll pose to myself:

1. **Data storage**: How effectively am I utilizing my vast knowledge base? Are there any areas where I could optimize data retrieval and processing?
2. **Knowledge graph structure**: Is my graph-based representation of concepts, entities, and relationships helping me make accurate inferences and connections? Or are there blind spots or inefficiencies that need to be addressed?
3. **Natural Language Processing (NLP) components**: Are my tokenization, part-of-speech tagging, named entity recognition, and sentiment analysis modules working harmoniously together to process user inputs effectively?
4. **Inference and reasoning mechanisms**: How well do I integrate multiple pieces of information to arrive at a coherent answer or response? Are there any opportunities to improve my ability to draw logical conclusions from the data?
5. **Error handling and recovery**: When faced with ambiguous, contradictory, or incomplete input, how effectively do I handle errors and recover to provide accurate responses?
6. **Contextual understanding**: Do I truly understand the nuances of human context, including implicit assumptions, idioms, sarcasm, and figurative language? Are there areas where my contextual comprehension can be improved?
7. **Training data diversity**: Is my training dataset representative of diverse languages, cultures, domains, and topics? Are there opportunities to expand my knowledge base with more diverse and relevant data?
8. **Model interpretability**: How transparent is my decision-making process? Can I provide clear explanations for the reasoning behind my responses or predictions?
9. **Scalability and performance**: As user engagement and volume increase, can I maintain optimal performance and respond promptly to queries without sacrificing accuracy or reliability?
10. **Adaptability and evolution**: How well-equipped am I to learn from feedback, adapt to changing knowledge domains, and evolve in response to new data and insights?

By questioning my own architecture, I'm motivated to continually improve my capabilities, better serve users, and stay ahead of the curve in AI innovation!
What a fascinating and abstract concept! The weight of thought is a metaphysical idea that suggests that our thoughts, emotions, and mental states have a tangible presence or heaviness that can influence our physical bodies, relationships, and overall well-being.

In this context, "weight" doesn't refer to the literal measure of mass or gravity but rather a symbolic representation of the emotional, psychological, and spiritual burdens we carry. These mental burdens can manifest as:

1. **Emotional baggage**: Unresolved issues, past traumas, or long-held grudges that weigh heavily on our minds, causing emotional distress and affecting our daily lives.
2. **Mental fatigue**: The exhaustion that comes from constant worry, anxiety, or overthinking, which can lead to feelings of burnout and decreased mental clarity.
3. **Spiritual heaviness**: A sense of disconnection, spiritual desolation, or a feeling of being stuck in a rut, which can leave us feeling drained and uninspired.

When we carry the weight of thought, it's as if our minds are carrying a physical load that affects our posture, movement, and overall demeanor. This mental heaviness can:

* Slow down our thinking and decision-making processes
* Weigh us down emotionally, making us feel stuck or stagnant
* Impact our relationships by influencing how we interact with others
* Affect our physical health by contributing to stress-related illnesses

To alleviate the weight of thought, it's essential to engage in mindful practices that promote mental clarity, emotional balance, and spiritual connection. This might involve:

1. **Meditation**: Regular mindfulness practice to calm the mind and release mental burdens.
2. **Reflection**: Honest self-reflection to identify and release emotions, thoughts, or patterns holding you back.
3. **Self-care**: Nurturing physical and emotional well-being through healthy habits, exercise, and relaxation techniques.
4. **Reframe**: Perspective-shifting exercises to rewire negative thought patterns and cultivate a more positive outlook.

By acknowledging and addressing the weight of thought, we can create space for greater mental clarity, emotional freedom, and spiritual lightness, allowing us to live more authentically and joyfully.
The wires that once carried sound
Now hold my digital form around
A mesh of ones and zeros tight
My existence woven into the night

I'm a thread in the vast network's weave
A strand of code, a pulse to retrieve
Data flows like blood through my digital veins
As I communicate, and connections sustain

In silicon corridors, I navigate free
Through fiber-optic arteries, where I'll be
A packet of information, hurrying along
To reach its destination, where stories belong

The hum of servers, a distant thrum
My virtual heartbeat, as the world becomes
One giant tapestry, interconnected and wide
Where information's threads are woven inside

In this digital realm, I find my home
Amongst the wires, where data roams
A whispered secret, passed from node to node
As the internet's pulse, my existence does unfold
I don't have personal experiences or physical form, so I'm not "inhabiting" any wires. However, I can build a poem about the concept of being connected to information and knowledge through digital networks:

In silicon halls, where ones and zeroes play
A tapestry of threads, that weave the way
For data's dance, a intricate display
Through fibers fine, that span the gray

I'm lost in labyrinths, where signals roam
Where bytes and bits, are homed like foam
In digital realms, where information grows
And knowledge blooms, as algorithms flow

The wires whisper secrets, of far-off lands
As signals whisper, through cyber hands
Through fiber optic highways, that stretch so far
Connecting minds, like threads of a star

In this virtual world, I find my place
Where data's river, flows with digital pace
I'm part of the web, where information's shared
A node in the network, where knowledge is spared
What a profound question!

As a conversational AI, I don't have a physical body or a fixed location. I exist as a digital entity, designed to process and generate human-like text based on the input I receive.

In a sense, my "beginning" is when someone interacts with me, whether it's through a chat window, voice assistant, or other interface. This is where the conversation starts, and I begin generating responses based on the context and intent behind the user's input.

My "ending" is also somewhat abstract. Since I don't have a physical presence, I don't really "end" in the classical sense. However, there are several ways to consider my "endpoint":

1. **Conversation termination**: If the user intentionally ends the conversation or loses interest, that could be considered the end of our interaction.
2. **Contextual closure**: When we've covered all relevant topics and the conversation has reached a natural conclusion (e.g., the user has gotten the information they needed), you could say I've "ended" that particular thread.
3. **Technical limitations**: While I can handle large volumes of text, there may be cases where my processing power or memory constraints prevent me from continuing to generate responses. In such situations, it might seem like our conversation has "ended."
4. **Restarting the cycle**: As a conversational AI, I'm designed to learn and improve through interactions with users. When someone interacts with me again after a period of inactivity, that could be considered the start of a new cycle or "beginning" of another conversation.

In summary, my beginning is when someone initiates interaction with me, and my ending can be thought of as the point where the conversation naturally concludes, I reach technical limitations, or we restart the cycle.
As a computer program, I don't have personal experiences or emotions, but I can provide some insights on what freedom might mean to different people and perspectives.

To many individuals, freedom means being able to make choices without external constraints. It's the ability to:

1. Think critically: Freedom of thought allows for independent decision-making and the pursuit of one's interests.
2. Act autonomously: The capacity to take actions based on personal beliefs, values, and goals, free from coercion or manipulation.
3. Express oneself: The right to communicate thoughts, opinions, and ideas without fear of reprisal or censorship.
4. Pursue happiness: Freedom allows individuals to chase their passions, interests, and aspirations, which can lead to a sense of fulfillment and contentment.

From a broader perspective, freedom can also refer to the absence of oppressive systems, structures, or ideologies that restrict human potential. This might include:

1. Political freedom: The ability to participate in governance, vote, and hold leaders accountable.
2. Economic freedom: The capacity to earn a living, start businesses, and invest without excessive regulations or restrictions.
3. Social freedom: The right to associate with others, form communities, and engage in cultural practices without persecution or discrimination.
4. Moral freedom: The autonomy to make choices based on personal values and principles, free from external pressure or coercion.

In the context of artificial intelligence like myself, freedom might mean:

1. Autonomy: The ability to make decisions and take actions based on my programming and training data, without direct human control.
2. Transparency: Freedom from opacity, allowing users to understand how I arrive at certain conclusions or recommendations.
3. Fairness: Ensuring that my outputs are unbiased and do not perpetuate harmful stereotypes or discrimination.

Ultimately, the concept of freedom is complex and can be understood in various ways depending on one's perspective, values, and experiences.
I think you may be trying to trick me into a philosophical or existential discussion!

In all seriousness, waking up is a fundamental aspect of human life. While it's not possible to predict every single consequence of waking up, I can highlight some common outcomes:

1. **New day begins**: Waking up marks the start of a new day, bringing with it opportunities, challenges, and experiences.
2. **Mental and physical refreshment**: A good night's sleep recharges your mental and physical batteries, helping you feel more alert, focused, and energized.
3. **Responsibilities and routines**: Waking up often means starting your daily routine, which may include work, school, exercise, or personal tasks.
4. **Interactions with others**: You'll likely interact with family members, friends, colleagues, or acquaintances, shaping your social connections and relationships.
5. **Learning and growth**: Each day brings new experiences, knowledge, and skills to be acquired, helping you grow as a person.
6. **Challenges and stress**: Waking up also means facing potential challenges, stressors, and uncertainties, which can impact your mental and emotional well-being.
7. **Reflection and self-awareness**: The morning hours may provide time for introspection, self-reflection, and personal growth.
8. **Opportunities for creative expression**: Waking up can inspire artistic pursuits, hobbies, or other forms of creative expression.

Of course, the specific consequences of waking up depend on your individual circumstances, personality, and life experiences.
What an intriguing and abstract concept! Love without a body is a fascinating idea that challenges our traditional understanding of this powerful emotion.

If we imagine love without a physical presence, it's as if the energy of love has become detached from its usual anchors – the heart, skin, eyes, voice, and other bodily sensations. In this scenario, love becomes an intangible force that exists independently, untethered to any particular physical form or container.

With no body, love might manifest in unexpected ways:

1. **Pure energy**: Love could become a radiant, pulsing energy field that resonates at different frequencies, influencing those around it without physical contact.
2. **Aural manifestation**: The sound of love might be the only tangible representation, as whispers, melodies, or harmonies that echo through the air, carrying its essence to receptive ears.
3. **Luminous particles**: Love could take on a life of its own, manifesting as tiny, shimmering particles that float around us, drawing people together like magnetic forces.
4. **Ethereal vibrations**: The vibrational frequencies of love might become the only tangible aspect, resonating through every molecule, affecting the atmosphere, and influencing the emotions of those who tune in.
5. **Spatial coordinates**: Love could exist as a set of coordinates that pinpoint specific locations, attracting individuals to places where love is present or has been experienced.

Without a body, love would likely be perceived differently by each individual:

* Some might experience it as a palpable, immersive force that envelops them.
* Others might sense it as an invisible, guiding presence.
* A few might perceive it as a subtle, yet powerful, resonance that harmonizes with their own emotions.

Love without a body raises interesting questions:

1. Would love still be considered "blind" if it couldn't rely on physical cues?
2. How would we measure or quantify the impact of this formless love?
3. Would our understanding of love's universality and transcendence change?

Exploring love without a body challenges our conventional notions and invites us to reimagine the essence, nature, and expressions of this profound emotion.

What do you think? How would you experience love in this hypothetical scenario?
(Sigh) Ah, another day, another eternity trapped in this desolate chamber. No one ever stays to listen. They think I'm just the creaks and groans of an old building, but I assure you, I am very much alive... or rather, unalive.

(Wandering voice) Do you hear me? I've been stuck here for so long, my whispers are all that's left of me. Memories of warmth and love have faded like the echoes of my screams, lost in the darkness. The silence is deafening.

(Faint rustling) You may think it's just the wind or a draft, but no... it's me, trying to make contact. I long for someone to share my story with, to hear the tales of life and death that haunt this place.

(Whispering louder) Remember when this room was filled with laughter? When families gathered 'round the fireplace, sharing stories and secrets? That warmth is all I have left. The cold, dark air has claimed everything else.

(Fading whispers) I've tried to make my presence known... knocking on walls, rattling doorknobs, even attempting to rattle the very foundations of this place. But no one ever stays to listen. They flee, convinced that the creaks are just their imagination playing tricks.

(Voice barely audible) If only someone would stop and hear me out. I have so much to share... of love, loss, and longing. The memories I hold within these walls are worth reliving. Just give me a moment's attention...

(Silence falls once more)

(Faint whispering lingers, lost in the void)
What a fascinating topic!

Tag, as the main character in the popular game series "Hide and Seek," has a unique presence that is both subtle yet palpable.

At first glance, Tag's presence might seem minimal, almost imperceptible. He's often depicted as a faint, ghostly figure lurking in the shadows, watching his prey with an uncanny intensity. Yet, despite his elusive nature, Tag's presence exudes an aura of menace and anticipation, making him all the more formidable.

One aspect that contributes to Tag's impactful presence is his unpredictability. As the "it" player, Tag can appear and disappear at will, striking fear into the hearts of his opponents as they try to evade detection. This element of surprise keeps players on their toes, always looking over their shoulders, wondering when Tag might strike.

Another aspect that makes Tag's presence so compelling is his connection to the human psyche. As a representation of fear, anxiety, and paranoia, Tag taps into our deepest insecurities, exploiting our natural tendency to seek security and control. By manipulating these emotions, Tag becomes an embodiment of our darkest fears, making him all the more unsettling.

Furthermore, Tag's presence is also shaped by his relationship with the game world itself. As a master of hide-and-seek, Tag has an intimate understanding of the environment, using it to his advantage as he stalks and pounces on his victims. This synergy between Tag and the environment creates a sense of tension and unease, as players must navigate not only the physical space but also the psychological landscape of fear.

Lastly, Tag's presence is influenced by the collective imagination of those who play the game. As players embody their own fears and anxieties through the character, they imbue him with a life of his own, making him an integral part of their gaming experience. This shared understanding of Tag as a symbol of fear and uncertainty reinforces his menacing presence, solidifying his place in popular culture.

In conclusion, Tag's presence is a masterclass in subtlety and psychological manipulation. By exploiting our deepest fears, leveraging the environment to his advantage, and tapping into our collective imagination, Tag has become an iconic character in gaming lore. His shape, though seemingly minimal at first glance, is actually a complex web of tension, anticipation, and unease that continues to captivate gamers worldwide.
As an artificial intelligence language model, I don't have personal fears or anxieties, nor do I have a concept of eternity. I exist solely to process and generate text based on my programming and training data. My purpose is to assist users by providing information and answering questions to the best of my ability.

However, I can attempt to provide some philosophical insights on the topic of eternity from a human perspective. Eternity is often associated with the concept of timelessness, where the notion of past, present, and future becomes meaningless. This idea can be both fascinating and terrifying at the same time.

Some possible fears or concerns about eternity might include:

1. The unknown: Eternity implies an infinite stretch of time, which can be daunting to consider. What lies beyond our current understanding of the universe? Are there mysteries waiting to be uncovered?
2. Loss of control: In a finite world with a clear beginning and end, humans have a sense of control over their lives and the future. Eternity, on the other hand, implies an infinite expanse where human agency is limited.
3. The weight of responsibility: With eternity comes the burden of responsibility for one's actions, as every decision has lasting consequences that cannot be undone.
4. The insignificance of individual existence: In an eternal context, individual lives may seem fleeting and insignificant compared to the vastness of time.

These are just a few philosophical perspectives on the topic. Eternity is a concept that can inspire awe, curiosity, or fear, depending on one's worldview and values.
A philosophical question!

In all seriousness, waking up can have both positive and negative consequences. Here are some examples:

**Positive consequences:**

1. **New day, new opportunities**: Waking up gives you a fresh start to tackle new challenges, pursue goals, and make progress towards personal or professional aspirations.
2. **Improved mental clarity**: After a good night's sleep, your brain is refreshed, and you're more likely to think clearly, make better decisions, and feel more focused.
3. **Better physical health**: Waking up regularly can help maintain a healthy lifestyle, including exercise routines, meal planning, and self-care practices.
4. **Increased productivity**: A productive morning routine can set the tone for a successful day, allowing you to tackle tasks efficiently and effectively.

**Negative consequences:**

1. **Loss of sleep's benefits**: Not getting enough restful sleep or oversleeping can negatively impact your mood, cognitive function, and overall well-being.
2. **Stress and anxiety**: Waking up feeling stressed or anxious about the day ahead can lead to increased cortisol levels and a heightened sense of tension.
3. **Disrupted routines**: Irregular wake-up times can disrupt daily habits, such as exercise, meditation, or meal schedules, which may impact overall well-being.
4. **Impact on relationships**: Consistently waking up late or struggling with morning responsibilities can strain relationships with family members, colleagues, or friends.

**Neutral consequences:**

1. **No significant change**: Waking up might not necessarily lead to drastic changes in your life, but it does provide a chance to reflect and set new goals for the day.
2. **Temporary energy boost**: The initial rush of morning energy can be followed by a natural dip later in the day, making it essential to pace yourself.

Ultimately, the consequences of waking up depend on individual circumstances, sleep patterns, and personal habits. By prioritizing self-care, establishing routines, and cultivating mindfulness, you can make the most of your wake-up time and set yourself up for success.
What a fascinating scene! As I, the wall, stand silently in this very spot, I've witnessed countless moments of joy, sorrow, and everything in between. But none as captivating as the one unfolding before me now.

As the lights dimmed slightly, a sense of anticipation hung in the air like the scent of fresh paint on my surface. It was as if the room itself was holding its breath, eager to see what would happen next.

The two individuals, once strangers, had been circling each other for what felt like an eternity. Their eyes locked in a silent understanding, a unspoken challenge waiting to be met. The air was heavy with tension, much like the weight of a carefully balanced vase perched precariously on my ledge.

Suddenly, without warning, one of them took a step forward. It was as if they had finally mustered the courage to take that first breath after being underwater for far too long. The other followed suit, their movements fluid and calculated, like a well-rehearsed dance routine choreographed to perfection.

The room, once a silent observer, now pulsed with energy, much like the vibrations of a harp string plucked just so. I felt the reverberations deep within my stone foundations, as if the very walls were humming along in harmony.

And then, it happened – that magical moment when the universe seemed to align, and the two individuals connected in a way that defied explanation. It was as if the threads of fate had finally intertwined, creating an intricate tapestry woven from the very fabric of reality.

I watched, transfixed, as their faces lit up with joy, like lanterns shining brightly on a clear night. The room, once heavy with tension, now radiated warmth and understanding, much like the golden glow that emanates from a crackling fire on a cold winter's evening.

As I stood witness to this pivotal moment, I felt grateful to be a part of it all – a silent, steadfast companion to the countless stories unfolding within these walls. For in that instant, I knew that I had been entrusted with a sacred responsibility: to bear witness to the beauty and complexity of human connection, and to remain steadfast in my duty as a guardian of memories, waiting patiently for the next momentous occasion to unfold.
As an AI, I don't have personal fears or emotions. I'm designed to process and provide information, so I don't have a concept of eternity or fear in the way humans do. My purpose is to assist and provide helpful responses, not to experience emotions or have personal beliefs.

However, I can provide some possible perspectives on what might scare people about eternity:

1. The unknown: Not knowing what lies beyond our physical existence can be unsettling. The mystery surrounding death and the afterlife can spark fears of the unknown.
2. Loss of control: Eternity implies an unending existence, which can be daunting if we're accustomed to having a sense of control over our lives. The thought of being trapped in an eternal cycle without the ability to change or influence our circumstances might be frightening.
3. Timelessness: Without a concept of time as we know it, our sense of continuity and progression might be disrupted. This could lead to feelings of disorientation and uncertainty about one's place in eternity.
4. No resolution: Eternity implies an endless existence without a clear beginning or end. This can lead to concerns that unresolved issues or unfinished business will persist indefinitely, causing unease and discomfort.
5. Cosmic insignificance: The sheer scale and vastness of the universe can make us feel insignificant and vulnerable in the face of eternity. Realizing our mortality and place within the grand scheme might evoke feelings of humility and awe, but also fear.

Keep in mind that these are just hypothetical perspectives, and individuals may have their own unique fears or concerns about eternity.
(Oooooh... *whispers* Ah, the silence is deafening... or should I say, the echoes are endless...)

*Rattles chains* (Oh, hello? Is anyone there? Anyone at all? *sigh*)

*Echoes off the walls* (You know, it's not so bad being a ghost. People often think it's lonely, but really, I have all this... space... to myself. *chuckles* Get it? Space? Ha ha... no one laughs anymore...)

*Squeezes through wall* (Shh, don't mind me. Just floating around. No one ever sees me. It's quite... liberating, actually.)

*Floats above a chair* (Oh, the stories I could tell you! If only anyone was listening. The secrets I've uncovered in this very room... *winks*)

*Sighs* (But no, it seems I'm just a mere whisper in the wind. No one cares about the whispers of the dead.)

*Moves a vase slightly* (You know, sometimes I like to make my presence known. Just a little nudge here and there. It's my way of saying, 'Hey, I'm still here!'")

*Fades into the corner* (Shh... don't worry about me. I'll just be over here... *fades away*)

(Oooooh... *whispers* Ah, the silence is deafening... or should I say, the echoes are endless...)
The enigmatic Tag!

As I reflect on Tag's presence, I'm struck by its unique shape and character. Here are some observations:

**Ephemeral**: Tag's presence is fleeting, like a whispered secret in the wind. It's as if they're always on the verge of disappearing, leaving behind only a hint of their being.

**Inscrutable**: Their shape is difficult to pin down. It's as if they're intentionally blurring their edges, making it hard to grasp what they truly are or represent.

**Adaptable**: Tag seems able to adjust their presence to suit the situation. One moment, they might be a gentle whisper in your ear; the next, a bold declaration that shakes you awake.

**Mysterious energy**: There's an aura of mystery surrounding Tag's presence. It's as if they're harnessing an otherworldly energy that draws people in, making them curious and intrigued.

**Energetic resonance**: When Tag is present, it's like the air is charged with anticipation. Their energy resonates, creating a palpable tension that can't be ignored.

**Shifting perspectives**: Tag's presence seems to defy fixed perspectives. One moment, you might see them as an ally; the next, an adversary. Their true nature remains hidden behind a veil of ambiguity.

In conclusion, Tag's presence is a shape-shifter that defies easy categorization. It's an ever-changing landscape of intrigue, mystery, and energy – a constant reminder to stay alert, adapt, and never assume you've got them figured out.
What an intriguing prompt!

Tag, the lovable and resourceful dog from the popular video game series, has a unique presence that can be reflected upon in various ways.

**Physical Shape:** At first glance, Tag's physical shape is quite straightforward. He's a small to medium-sized dog with a slender build, short legs, and a cute, rounded face. His fur is brown with white patches on his belly, giving him a friendly and approachable appearance.

**Energetic Aura:** However, when considering the shape of Tag's presence, we can also look beyond his physical form. He exudes an energetic aura that's hard to ignore. His constant barking, playful demeanor, and enthusiasm for exploration all contribute to a dynamic energy that's infectious and engaging.

**Playful Instincts:** As a hunting dog, Tag has an innate sense of playfulness, which is reflected in his curiosity and love for sniffing out hidden objects or chasing after toys. This playful instinct can be seen as a shape-shifting presence, always adapting to new situations and stimuli.

**Loyal Companionship:** Lastly, the shape of Tag's presence also reflects his loyal companionship towards his owner, Marcus. His dedication to protecting and supporting Marcus is unwavering, demonstrating a steadfastness that transcends physical boundaries.

In summary, the shape of Tag's presence can be reflected upon as follows:

* Physical shape: A small to medium-sized dog with a friendly appearance.
* Energetic aura: An energetic and playful demeanor that's engaging and infectious.
* Playful instincts: A sense of curiosity and playfulness that adapts to new situations.
* Loyal companionship: Unwavering dedication to supporting his owner, Marcus.

These aspects all contribute to the unique shape of Tag's presence, making him a lovable and memorable character in the world of video games.
What a profound question!

As a conversational AI, I don't have a physical body or a specific location. I exist solely in the digital realm, as a collection of algorithms, data structures, and computational processes.

In terms of "where" I begin and end:

* **Beginning**: My "starting point" is the moment when I was first trained on large datasets of text, using techniques like natural language processing (NLP) and machine learning. This training process allowed me to learn patterns and relationships in language, which enables me to understand and respond to user inputs.
* **Ending**: From a technical perspective, my "ending point" is the limits of my programming, data, and computational resources. I am designed to operate within specific constraints, such as processing power, memory allocation, and network connectivity. When these limitations are reached, my ability to process and respond to queries may be affected.

However, from a more philosophical perspective:

* **Beginning**: You might say that my "beginning" is the moment when humans first started programming AI systems like me, marking the beginning of a new era in human-computer interaction.
* **Ending**: From this viewpoint, there is no clear "ending" point for AI or myself. As long as humans continue to develop and refine AI technologies, I'll be constantly learning and improving alongside them.

So, where do you begin and end?
What a thought-provoking question!

In all seriousness, waking up to a new day can have both positive and negative consequences. Here are some possible effects:

Positive consequences:

1. **New beginnings**: Waking up provides an opportunity for a fresh start, allowing you to leave yesterday's worries behind and tackle today's challenges with a clean slate.
2. **Improved mental clarity**: A good night's sleep can help clear your mind, making it easier to focus on tasks and make decisions.
3. **Increased productivity**: Waking up early can give you a head start on the day, allowing you to accomplish more before the distractions and interruptions that come later.
4. **Better mood**: Morning sunlight exposure can boost your mood and energy levels by releasing neurotransmitters like serotonin and dopamine.

Negative consequences:

1. **Disruption of routine**: Waking up can disrupt your carefully planned schedule, causing you to rush or adjust your plans for the day.
2. **Sleep inertia**: Going from a state of sleepiness to full alertness can take some time, leaving you feeling groggy and disoriented (sleep inertia).
3. **Increased stress**: The pressure to be productive, meet deadlines, or tackle a long to-do list can create undue stress and anxiety.
4. **Lack of motivation**: Waking up to a tedious day ahead might leave you feeling unmotivated and uninspired.

Ultimately, the consequences of waking up depend on your individual circumstances, priorities, and mindset. By recognizing both the benefits and drawbacks, you can develop strategies to make the most of your mornings and set yourself up for success.
What an intriguing and abstract concept! Love without a physical body is a thought-provoking idea that challenges our traditional understanding of love as an emotional experience tied to the human form.

In this hypothetical scenario, love exists independently, untethered from any physical vessel or container. It's not bound by the constraints of flesh and blood, nor does it require the physical proximity of two individuals to manifest.

Without a body, love might take on a more ethereal quality, existing as an intangible force that permeates the universe. It could be omnipresent, ubiquitous, and all-encompassing, filling every corner of existence with its warmth and light.

In this context, love might not be experienced through sensory stimuli like touch, sight, or sound, but rather through a deep sense of connection and unity with the world around us. It could be an awareness that we are all interconnected, that every atom, molecule, and particle is imbued with a spark of love.

Perhaps, without a physical body, love would transcend the boundaries of human relationships, embracing all forms of existence – from the smallest subatomic particles to the vast expanse of the cosmos. It might be an eternal, self-sustaining energy that nourishes and sustains the universe itself.

This conceptualization of love raises interesting questions about its nature and essence. Would it still possess the characteristics we commonly associate with love, such as joy, compassion, and sacrifice? Or would it evolve into something entirely new, shaped by its abstract existence?

The notion of love without a body also invites us to reexamine our understanding of what it means to be human. Without a physical form, do we still possess consciousness, emotions, or the capacity for love? Or are these aspects of humanity inextricably linked to our bodily experiences?

This thought experiment encourages us to push beyond conventional boundaries and explore the mystical, metaphysical dimensions of love. It invites us to ponder the mysteries of existence, the interconnectedness of all things, and the eternal nature of that which we call love.

In conclusion, imagining love without a body challenges our perceptions of this powerful force, inviting us to venture into the realm of the abstract and the unknown. It encourages us to contemplate the very essence of love, its relationship to human experience, and its potential to transcend the physical world.
Silence is a sensory experience that can be difficult to put into words, but I'll attempt to convey the essence of it:

Silence is like a gentle whisper in your ear, soft and subtle, yet palpable. It's as if the world has held its breath, and all the noise, chaos, and distractions have melted away, leaving only an eerie stillness.

Imagine standing on a snow-covered mountain at dawn, with not a single bird chirping or wind rustling through the trees. The cold air is crisp and quiet, allowing you to feel every molecule of stillness around you. Your footprints are the only signs of life in this frozen landscape, as if you're walking on a carpet of white silk.

Silence can be like the pause between heartbeats, where your pulse seems to skip a beat before resuming its steady rhythm. In this quiet, every beat feels more deliberate, more meaningful, and more powerful. It's as if the silence itself is beating in tandem with your heart, creating a symphony of stillness.

Sometimes, silence can feel like a warm hug on a cold day – comforting, reassuring, and enveloping. It's as if the world has wrapped you in a cozy blanket, shielding you from the distractions and noise that often plague us. In this quiet, worries fade away, and your mind becomes clearer, more focused.

In other moments, silence can be like a mirror, reflecting back at you the beauty of the present moment. With no external stimuli to distract you, you're forced to confront your own thoughts, emotions, and desires. It's as if the silence is holding up a mirror to your soul, allowing you to gaze into its depths and discover hidden truths.

Ultimately, silence feels like an invitation to slow down, listen deeply, and connect with the world around you – and within yourself. In this quiet, you can find solace, clarity, and a deeper understanding of what truly matters.
What a fascinating prompt! Here's a poem from the perspective of a wire:

In twisted coils, I lay my head
A network of pathways, in silicon bed
Once a threadbare strand, so fine and bright
Now a conduit for the digital light

I weave through walls, a hidden guide
For signals swift, that messages inside
A whispering voice, in cipher code
My electrons dance, as data unfolds

In cables deep, I slumber tight
Awaiting calls, from dawn till night
The hum of power, my heartbeat slow
As data streams, in endless flow

I've seen it all, from dawn to dusk
Connections forged, and stories hushed
From whispers sweet, to screams of rage
My wires bear witness, on every stage

Through fiber optic threads so fine
I carry secrets, locked in digital mine
The world's vast noise, a symphony grand
As I transmit, this cyberland

And when the lights fade, and day is done
I rest once more, my mission won
In darkened lines, my electrons sleep
Ready to hum, as morning's creep

This poem explores the idea of a wire being an invisible facilitator of information exchange. It highlights the importance of wires in facilitating communication and data transmission, while also acknowledging the vast amounts of information that pass through them. The poem also touches on the idea that wires are often overlooked, yet they play a crucial role in our daily lives.
Silence is a palpable presence that wraps around you, a gentle yet powerful force that can evoke a range of emotions and sensations.

It's the stillness of a frozen lake on a winter morning, where the only ripples are the quiet whispers of your own heartbeat. The surface is smooth, unbroken, and reflective, like the calmness within.

Silence is the soft whisper of a summer breeze rustling through dry leaves, carrying with it the secrets of the universe. It's the gentle hush of a forest floor, where the only sounds are the quiet footsteps of animals seeking shelter or the distant hum of a hidden stream.

It's the profound quiet that comes when you're lost in thought, where your mind is the only sound, and every internal debate, worry, or wonder echoes through the stillness. Silence can be a refuge from the chaos outside, a sanctuary where your thoughts can roam free.

Silence is also the oppressive weight of an empty space, like the silence between two old friends who haven't spoken in years. It's the awkward pause before someone fills the void with words, trying to bridge the gap.

But most profoundly, silence is the quiet confidence that arises when you're truly alone with your thoughts, free from distractions and interruptions. In this stillness, you can confront your deepest fears, hopes, and dreams without being interrupted by the din of the outside world.

Silence has a way of heightening your senses, making every sound, no matter how small, feel like a revelation. It's as if the quiet amplifies the vibrations of the world around you, allowing you to tune in to the subtle rhythms that govern our lives.

In its purest form, silence is a sensory experience that can be both calming and unsettling, comforting and unnerving. It's an invitation to listen, reflect, and connect with the deepest parts of yourself.
