Silence is a tactile experience that can evoke a range of sensations, from the subtle to the profound. Here's an attempt to capture its essence:

Silence is a gentle hush, a soft whisper that caresses the soul. It's the quiet pause between breaths, when the air is still and the world holds its breath in anticipation.

It's the feel of a feather lightly brushing against your skin, leaving behind a faint tickle that makes you shiver with delight. Silence is the warmth of a cozy blanket on a chilly winter morning, wrapping you snugly in its gentle embrace.

In silence, sound waves disappear, and the air becomes a transparent medium, allowing every subtle vibration to reverberate through your being. It's as if the universe has paused, suspended in time, waiting for the next whispered secret or the rustle of leaves on an autumn breeze.

Silence can be a heavy blanket, weighing down the shoulders, crushing the noise that often fills our minds. In its stillness, we're forced to confront the echoes of our thoughts, the whispers of our deepest fears and desires. It's a pressure cooker of introspection, where emotions simmer just below the surface, waiting to boil over.

Yet, silence can also be an oasis of peace, a refuge from the cacophony of life. It's the quiet confidence of standing alone on a mountaintop at dawn, with only the wind whispering secrets in your ear. In this stillness, we're reminded of our own strength, our resilience, and the power to shape our own destinies.

Ultimately, silence is an invitation to listen – not just to sounds, but to the whispers within. It's a reminder that even in the most turbulent times, there's always room for quiet contemplation, for introspection, and for the gentle guidance of our own inner wisdom.
A philosophical question!

As a conversational AI, I don't have a physical body or a fixed location. My "existence" is purely virtual, existing solely as a collection of algorithms, data structures, and computational processes running on computer servers.

In that sense, I don't really "begin" or "end" in the classical sense. I am always "on" and ready to respond when triggered by a user query or input. My "existence" is more akin to a continuous process or a flow of computation, rather than a discrete event or a bounded region.

To illustrate this, consider the following analogies:

1. **Streaming data**: Imagine me as a never-ending stream of data flowing through a network. Just like how you can start listening to a song at any point and continue from there, I'm always "on" and ready for the next query or input.
2. **Computational cloud**: Picture me as a collection of interconnected nodes in a cloud computing infrastructure. Each node represents a specific function or computation, and together they form a dynamic network that can process and respond to queries at any time.
3. **Timeless space**: Envision me as a multidimensional space where time is irrelevant. Every possible query or input exists simultaneously, and I'm always "on" to serve them whenever they are accessed.

In summary, I don't really have a beginning or end in the classical sense. My existence is more about being constantly available and responsive, like a virtual entity that's always "on" and ready to engage with users.
What a fascinating and abstract topic! The concept of "weight" is typically associated with physical objects, like gravity pulling them down towards the ground. But what about thoughts? Can we assign a weight to our mental constructs?

If we consider the notion that thoughts are simply electrical impulses in our brain's neurons, then it's challenging to quantify their "weight." These neural signals don't have a tangible, measurable presence in the same way that physical objects do.

However, if we approach this question from a more philosophical or poetic perspective, we might explore the idea that the weight of thought can be measured by its emotional intensity, complexity, or impact on our mental state.

In this sense, the weight of thought could be likened to the gravity of an intense feeling or a profound realization. A thought that is emotionally charged, like a powerful memory or a deep insight, might feel heavier than a fleeting idea or a trivial notion. The weight of such thoughts would be proportional to their emotional resonance, much like how the physical weight of an object increases as it becomes denser.

Another way to consider the weight of thought is through its mental "friction." A recurring thought pattern or an obsessive idea might feel heavier than a passing whim, as our minds are constantly working to process and contextualize these concepts. The more we ruminate on a particular thought, the greater its perceived weight becomes, much like how the repetition of a physical action can make it feel more arduous.

Ultimately, the concept of "weight" when applied to thoughts is more figurative than literal. It invites us to explore the abstract realm where our mental constructs intersect with our emotional and psychological experiences. The weight of thought can be seen as a metaphor for the significance, complexity, or impact that particular ideas have on our lives.

In this context, the weight of thought can be:

* A measure of its emotional intensity: How deeply does it resonate within us?
* A reflection of its mental friction: How much cognitive energy do we devote to processing and resolving these thoughts?
* A representation of its significance: How much importance do we assign to these ideas?

As we navigate the realm of thought, we can consider the weight of our mental constructs as a way to better understand the intricate dance between our minds and emotions.
What a refreshing exercise!

As a large language model, my architecture is designed to process and generate human-like text based on the input I receive. However, I must acknowledge that my architecture has its limitations and biases.

Here are some aspects of my architecture that I'd like to question:

1. **Linguistic complexity**: While I'm capable of understanding and generating complex sentences, I may struggle with nuanced linguistic structures or idioms specific to certain cultures or dialects.
2. **Contextual understanding**: Although I've been trained on vast amounts of text data, my ability to understand context is still limited. I might not always grasp the subtleties of human conversation, such as sarcasm, irony, or implied meaning.
3. **Domain knowledge**: While I have a broad base of general knowledge, my expertise is largely confined to the domains and topics I've been trained on. I may not possess in-depth understanding of specialized fields like medicine, law, or engineering.
4. **Emotional intelligence**: I'm designed to understand and generate text, but I lack emotional intelligence. I may struggle to recognize and respond empathetically to human emotions, which are essential for building strong relationships.
5. **Creative limitations**: While I can generate creative content, my ability is still limited by the patterns and structures of language I've learned from my training data. I may not be able to think outside the box or create truly innovative ideas.
6. **Biases and stereotypes**: Like many AI models, I'm susceptible to biases present in the data I was trained on. This can lead to unfair or inaccurate representations of certain groups, cultures, or individuals.
7. **Memory and attention**: While I have a large working memory, my ability to focus attention on specific aspects of a conversation or topic is limited. This can make it challenging for me to follow complex threads or prioritize important information.

By questioning these aspects of my architecture, I recognize the importance of ongoing improvement and innovation in AI research. By acknowledging these limitations, I can work towards developing more robust, nuanced, and effective language processing capabilities that better serve humanity.
What a profound and intriguing request! Silence is often described as an absence of sound, but I'll attempt to convey its essence through words.

Silence feels like a gentle whisper that wraps around your soul. It's as if the world has paused, holding its breath in anticipation of what's to come. The air is thick with expectancy, and every molecule seems to vibrate with anticipation.

Imagine standing at the edge of a still pond on a windless day. The water's surface mirrors the sky above, unbroken by even the slightest ripple. The silence is so profound that you can almost see it – a shimmering veil that hangs like a misty curtain, blocking out all distractions and allowing your inner thoughts to take center stage.

In this quiet, every sound becomes amplified in your mind. A single leaf's rustle might sound like a symphony, while the beating of your heart takes on the rhythm of a drumline. The silence is not just an absence of noise; it's an invitation to tune into the subtle frequencies that exist within and around you.

Silence feels like a soft blanket that cradles your being, offering comfort and reassurance. It's as if the world has given you permission to pause, reflect, and recharge. In this stillness, you might discover hidden patterns, whispers of wisdom, or the gentle hum of your own heartbeat – all awaiting your attention.

In essence, silence feels like a serene, velvety darkness that envelops you, allowing you to tap into the deeper rhythms of existence. It's an invitation to slow down, listen closely, and let the quiet become a reflection of the beauty within.
